2018-08-01T00:43:36+00:00 DEBUG 
====Stripe Version: 4.1.8====
====Start Log====
Keys are not set correctly.
====End Log====


2018-08-01T00:43:59+00:00 DEBUG 
====Stripe Version: 4.1.8====
====Start Log====
Keys are not set correctly.
====End Log====


2018-08-01T00:45:54+00:00 DEBUG 
====Stripe Version: 4.1.8====
====Start Log====
Keys are not set correctly.
====End Log====


2018-08-01T00:46:23+00:00 DEBUG 
====Stripe Version: 4.1.8====
====Start Log====
Keys are not set correctly.
====End Log====


2018-08-01T00:46:55+00:00 DEBUG 
====Stripe Version: 4.1.8====
====Start Log====
Keys are not set correctly.
====End Log====


2018-08-01T00:47:39+00:00 DEBUG 
====Stripe Version: 4.1.8====
====Start Log====
Keys are not set correctly.
====End Log====


2018-08-01T00:48:45+00:00 DEBUG 
====Stripe Version: 4.1.8====
====Start Log====
Keys are not set correctly.
====End Log====


2018-08-01T00:48:56+00:00 DEBUG 
====Stripe Version: 4.1.8====
====Start Log====
Keys are not set correctly.
====End Log====


2018-08-01T00:50:06+00:00 DEBUG 
====Stripe Version: 4.1.8====
====Start Log====
Keys are not set correctly.
====End Log====


2018-08-01T00:50:54+00:00 DEBUG 
====Stripe Version: 4.1.8====
====Start Log====
Keys are not set correctly.
====End Log====


2018-08-01T00:51:28+00:00 DEBUG 
====Stripe Version: 4.1.8====
====Start Log====
Keys are not set correctly.
====End Log====


2018-08-01T00:55:58+00:00 DEBUG 
====Stripe Version: 4.1.8====
====Start Log====
Keys are not set correctly.
====End Log====


2018-08-01T01:01:24+00:00 DEBUG 
====Stripe Version: 4.1.8====
====Start Log====
Keys are not set correctly.
====End Log====


2018-08-01T01:03:10+00:00 DEBUG 
====Stripe Version: 4.1.8====
====Start Log====
Keys are not set correctly.
====End Log====


2018-08-01T17:17:57+00:00 DEBUG 
====Stripe Version: 4.1.8====
====Start Log====
Keys are not set correctly.
====End Log====


2018-08-01T22:24:48+00:00 DEBUG 
====Stripe Version: 4.1.8====
====Start Log====
Keys are not set correctly.
====End Log====


